<?xml version="1.0" encoding="UTF-8"?>
<robot generator="Robot 5.0 (Python 3.10.2 on win32)" generated="20220504 19:00:59.631" rpa="false" schemaversion="3">
<suite id="s1" name="Evino Teste" source="C:\Users\karin\Desktop\QA\Evino\evino_teste.robot">
<test id="s1-t1" name="Caso de teste 01 - Verificar se aparece o contador de gotas corretamente" line="9">
<kw name="Abrir o navegador" library="evino_resoucers" type="SETUP">
<kw name="Open Browser" library="SeleniumLibrary">
<arg>browser=chrome</arg>
<doc>Opens a new browser instance to the optional ``url``.</doc>
<msg timestamp="20220504 19:00:59.811" level="INFO">Opening browser 'chrome' to base url 'None'.</msg>
<status status="PASS" starttime="20220504 19:00:59.811" endtime="20220504 19:01:00.865"/>
</kw>
<kw name="Maximize Browser Window" library="SeleniumLibrary">
<doc>Maximizes current browser window.</doc>
<status status="PASS" starttime="20220504 19:01:00.865" endtime="20220504 19:01:00.996"/>
</kw>
<status status="PASS" starttime="20220504 19:00:59.810" endtime="20220504 19:01:00.996"/>
</kw>
<kw name="Dado que estou na home page da Evino.com.br com usuario cadastrado" library="evino_resoucers">
<kw name="Go To" library="SeleniumLibrary">
<arg>url=${URL}</arg>
<doc>Navigates the current browser window to the provided ``url``.</doc>
<msg timestamp="20220504 19:01:00.998" level="INFO">Opening url 'https://www.evino.com.br/'</msg>
<status status="PASS" starttime="20220504 19:01:00.997" endtime="20220504 19:01:03.339"/>
</kw>
<kw name="Wait Until Element Is Visible" library="SeleniumLibrary">
<arg>locator=${CARRINHO}</arg>
<doc>Waits until the element ``locator`` is visible.</doc>
<status status="PASS" starttime="20220504 19:01:03.339" endtime="20220504 19:01:03.369"/>
</kw>
<kw name="Wait Until Element Is Visible" library="SeleniumLibrary">
<arg>locator=(//div[@class='clearfix'])[1]</arg>
<doc>Waits until the element ``locator`` is visible.</doc>
<status status="PASS" starttime="20220504 19:01:03.369" endtime="20220504 19:01:05.464"/>
</kw>
<kw name="Click Button" library="SeleniumLibrary">
<arg>locator=onesignal-slidedown-cancel-button</arg>
<doc>Clicks the button identified by ``locator``.</doc>
<msg timestamp="20220504 19:01:05.464" level="INFO">Clicking button 'onesignal-slidedown-cancel-button'.</msg>
<status status="PASS" starttime="20220504 19:01:05.464" endtime="20220504 19:01:05.518"/>
</kw>
<kw name="Wait Until Element Is Not Visible" library="SeleniumLibrary">
<arg>locator=onesignal-slidedown-allow-button</arg>
<doc>Waits until the element ``locator`` is not visible.</doc>
<status status="PASS" starttime="20220504 19:01:05.518" endtime="20220504 19:01:05.759"/>
</kw>
<kw name="Wait Until Element Is Visible" library="SeleniumLibrary">
<arg>locator=//i[@class='ico ev-remove']</arg>
<doc>Waits until the element ``locator`` is visible.</doc>
<status status="PASS" starttime="20220504 19:01:05.759" endtime="20220504 19:01:05.771"/>
</kw>
<kw name="Input Text" library="SeleniumLibrary">
<arg>locator=//input[@placeholder='Digite seu e-mail']</arg>
<arg>text=${EMAIL}</arg>
<doc>Types the given ``text`` into the text field identified by ``locator``.</doc>
<msg timestamp="20220504 19:01:05.771" level="INFO">Typing text 'karintrindade1910@gmail.com' into text field '//input[@placeholder='Digite seu e-mail']'.</msg>
<status status="PASS" starttime="20220504 19:01:05.771" endtime="20220504 19:01:05.883"/>
</kw>
<kw name="Click Button" library="SeleniumLibrary">
<arg>locator=//button[contains(.,'Entrar')]</arg>
<doc>Clicks the button identified by ``locator``.</doc>
<msg timestamp="20220504 19:01:05.884" level="INFO">Clicking button '//button[contains(.,'Entrar')]'.</msg>
<status status="PASS" starttime="20220504 19:01:05.883" endtime="20220504 19:01:05.954"/>
</kw>
<kw name="Wait Until Element Is Visible" library="SeleniumLibrary">
<arg>locator=${MINHA_CONTA}</arg>
<doc>Waits until the element ``locator`` is visible.</doc>
<status status="PASS" starttime="20220504 19:01:05.955" endtime="20220504 19:01:07.151"/>
</kw>
<kw name="Capture Page Screenshot" library="SeleniumLibrary">
<doc>Takes a screenshot of the current page and embeds it into a log file.</doc>
<msg timestamp="20220504 19:01:07.527" level="INFO" html="true">&lt;/td&gt;&lt;/tr&gt;&lt;tr&gt;&lt;td colspan="3"&gt;&lt;a href="selenium-screenshot-1.png"&gt;&lt;img src="selenium-screenshot-1.png" width="800px"&gt;&lt;/a&gt;</msg>
<status status="PASS" starttime="20220504 19:01:07.151" endtime="20220504 19:01:07.527"/>
</kw>
<status status="PASS" starttime="20220504 19:01:00.997" endtime="20220504 19:01:07.527"/>
</kw>
<kw name="Quando acrescento um vinho no carrinho" library="evino_resoucers">
<kw name="Wait Until Element Is Visible" library="SeleniumLibrary">
<arg>locator=(//span[contains(.,'Vinhos')])[1]</arg>
<doc>Waits until the element ``locator`` is visible.</doc>
<status status="PASS" starttime="20220504 19:01:07.528" endtime="20220504 19:01:07.546"/>
</kw>
<kw name="Click Element" library="SeleniumLibrary">
<arg>locator=(//span[contains(.,'Vinhos')])[1]</arg>
<doc>Click the element identified by ``locator``.</doc>
<msg timestamp="20220504 19:01:07.546" level="INFO">Clicking element '(//span[contains(.,'Vinhos')])[1]'.</msg>
<status status="PASS" starttime="20220504 19:01:07.546" endtime="20220504 19:01:07.692"/>
</kw>
<kw name="Wait Until Element Is Visible" library="SeleniumLibrary">
<arg>locator=//div[contains(@class,'HeaderProductsQuantity')]</arg>
<doc>Waits until the element ``locator`` is visible.</doc>
<status status="PASS" starttime="20220504 19:01:07.692" endtime="20220504 19:01:07.753"/>
</kw>
<kw name="Wait Until Element Is Visible" library="SeleniumLibrary">
<arg>locator=(//button[contains(.,'Adicionar')])[1]</arg>
<doc>Waits until the element ``locator`` is visible.</doc>
<status status="PASS" starttime="20220504 19:01:07.754" endtime="20220504 19:01:08.206"/>
</kw>
<kw name="Click Button" library="SeleniumLibrary">
<arg>locator=(//button[contains(.,'Adicionar')])[1]</arg>
<doc>Clicks the button identified by ``locator``.</doc>
<msg timestamp="20220504 19:01:08.207" level="INFO">Clicking button '(//button[contains(.,'Adicionar')])[1]'.</msg>
<status status="PASS" starttime="20220504 19:01:08.206" endtime="20220504 19:01:08.353"/>
</kw>
<kw name="Wait Until Element Is Visible" library="SeleniumLibrary">
<arg>locator=${CARRINHO}</arg>
<doc>Waits until the element ``locator`` is visible.</doc>
<status status="PASS" starttime="20220504 19:01:08.354" endtime="20220504 19:01:15.558"/>
</kw>
<kw name="Capture Page Screenshot" library="SeleniumLibrary">
<doc>Takes a screenshot of the current page and embeds it into a log file.</doc>
<msg timestamp="20220504 19:01:15.763" level="INFO" html="true">&lt;/td&gt;&lt;/tr&gt;&lt;tr&gt;&lt;td colspan="3"&gt;&lt;a href="selenium-screenshot-2.png"&gt;&lt;img src="selenium-screenshot-2.png" width="800px"&gt;&lt;/a&gt;</msg>
<status status="PASS" starttime="20220504 19:01:15.558" endtime="20220504 19:01:15.763"/>
</kw>
<status status="PASS" starttime="20220504 19:01:07.527" endtime="20220504 19:01:15.763"/>
</kw>
<kw name="E clico no icone do carrinho" library="evino_resoucers">
<kw name="Click Element" library="SeleniumLibrary">
<arg>locator=${CARRINHO}</arg>
<doc>Click the element identified by ``locator``.</doc>
<msg timestamp="20220504 19:01:15.766" level="INFO">Clicking element '//span[@class='CartNavigation__quantity']'.</msg>
<status status="PASS" starttime="20220504 19:01:15.764" endtime="20220504 19:01:15.865"/>
</kw>
<kw name="Capture Page Screenshot" library="SeleniumLibrary">
<doc>Takes a screenshot of the current page and embeds it into a log file.</doc>
<msg timestamp="20220504 19:01:16.129" level="INFO" html="true">&lt;/td&gt;&lt;/tr&gt;&lt;tr&gt;&lt;td colspan="3"&gt;&lt;a href="selenium-screenshot-3.png"&gt;&lt;img src="selenium-screenshot-3.png" width="800px"&gt;&lt;/a&gt;</msg>
<status status="PASS" starttime="20220504 19:01:15.865" endtime="20220504 19:01:16.129"/>
</kw>
<status status="PASS" starttime="20220504 19:01:15.763" endtime="20220504 19:01:16.130"/>
</kw>
<kw name="Então o contador de gotas deve aparecer" library="evino_resoucers">
<kw name="Wait Until Element Is Visible" library="SeleniumLibrary">
<arg>locator=//i[contains(@class,'ico ev-gift gift')]</arg>
<doc>Waits until the element ``locator`` is visible.</doc>
<status status="PASS" starttime="20220504 19:01:16.130" endtime="20220504 19:01:16.155"/>
</kw>
<status status="PASS" starttime="20220504 19:01:16.130" endtime="20220504 19:01:16.155"/>
</kw>
<kw name="Fechar o navegador" library="evino_resoucers" type="TEARDOWN">
<kw name="Capture Page Screenshot" library="SeleniumLibrary">
<doc>Takes a screenshot of the current page and embeds it into a log file.</doc>
<msg timestamp="20220504 19:01:16.269" level="INFO" html="true">&lt;/td&gt;&lt;/tr&gt;&lt;tr&gt;&lt;td colspan="3"&gt;&lt;a href="selenium-screenshot-4.png"&gt;&lt;img src="selenium-screenshot-4.png" width="800px"&gt;&lt;/a&gt;</msg>
<status status="PASS" starttime="20220504 19:01:16.156" endtime="20220504 19:01:16.269"/>
</kw>
<kw name="Close Browser" library="SeleniumLibrary">
<doc>Closes the current browser.</doc>
<status status="PASS" starttime="20220504 19:01:16.269" endtime="20220504 19:01:18.474"/>
</kw>
<status status="PASS" starttime="20220504 19:01:16.156" endtime="20220504 19:01:18.474"/>
</kw>
<status status="PASS" starttime="20220504 19:00:59.810" endtime="20220504 19:01:18.474"/>
</test>
<doc>Essa suite testa o site da Evino.com.br</doc>
<status status="PASS" starttime="20220504 19:00:59.631" endtime="20220504 19:01:18.474"/>
</suite>
<statistics>
<total>
<stat pass="1" fail="0" skip="0">All Tests</stat>
</total>
<tag>
</tag>
<suite>
<stat pass="1" fail="0" skip="0" id="s1" name="Evino Teste">Evino Teste</stat>
</suite>
</statistics>
<errors>
</errors>
</robot>
